<?xml version="1.0" encoding="UTF-8"?>
<testsuite name="TestSuite" time="460.514" tests="4" errors="0" skipped="0" failures="4">
  <properties>
[...]
</properties>
  <testcase name="CreditCard_Visa_Pay" classname="com.consumerPayments.testCases.TC003_AccountSearch_CreditCard_Visa_Pay" time="135.3">
    <failure message="no such element: Unable to locate element: {&quot;method&quot;:&quot;css selector&quot;,&quot;selector&quot;:&quot;*[name=&apos;cardnumber&apos;]&quot;}&#10;  (Session info: chrome=78.0.3904.108)&#10;For documentation on this error, please visit: https://www.seleniumhq.org/exceptions/no_such_element.html&#10;Build info: version: &apos;3.141.59&apos;, revision: &apos;e82be7d358&apos;, time: &apos;2018-11-14T08:17:03&apos;&#10;System info: host: &apos;Dhamodharans-iMac.local&apos;, ip: &apos;192.168.1.5&apos;, os.name: &apos;Mac OS X&apos;, os.arch: &apos;x86_64&apos;, os.version: &apos;10.14.5&apos;, java.version: &apos;1.8.0_191&apos;&#10;Driver info: org.openqa.selenium.chrome.ChromeDriver&#10;Capabilities {acceptInsecureCerts: false, browserName: chrome, browserVersion: 78.0.3904.108, chrome: {chromedriverVersion: 78.0.3904.70 (edb9c9f3de024..., userDataDir: /var/folders/jn/qgh107891cx...}, goog:chromeOptions: {debuggerAddress: localhost:61243}, javascriptEnabled: true, networkConnectionEnabled: false, pageLoadStrategy: normal, platform: MAC, platformName: MAC, proxy: Proxy(), setWindowRect: true, strictFileInteractability: false, timeouts: {implicit: 0, pageLoad: 300000, script: 30000}, unhandledPromptBehavior: dismiss and notify}&#10;Session ID: 3b413fd97646dc5685b8f4f9f5d3af23&#10;*** Element info: {Using=name, value=cardnumber}" type="org.openqa.selenium.NoSuchElementException">org.openqa.selenium.NoSuchElementException: no such element: Unable to locate element: {"method":"css selector","selector":"*[name='cardnumber']"}
  (Session info: chrome=78.0.3904.108)
For documentation on this error, please visit: https://www.seleniumhq.org/exceptions/no_such_element.html
Build info: version: '3.141.59', revision: 'e82be7d358', time: '2018-11-14T08:17:03'
System info: host: 'Dhamodharans-iMac.local', ip: '192.168.1.5', os.name: 'Mac OS X', os.arch: 'x86_64', os.version: '10.14.5', java.version: '1.8.0_191'
Driver info: org.openqa.selenium.chrome.ChromeDriver
Capabilities {acceptInsecureCerts: false, browserName: chrome, browserVersion: 78.0.3904.108, chrome: {chromedriverVersion: 78.0.3904.70 (edb9c9f3de024..., userDataDir: /var/folders/jn/qgh107891cx...}, goog:chromeOptions: {debuggerAddress: localhost:61243}, javascriptEnabled: true, networkConnectionEnabled: false, pageLoadStrategy: normal, platform: MAC, platformName: MAC, proxy: Proxy(), setWindowRect: true, strictFileInteractability: false, timeouts: {implicit: 0, pageLoad: 300000, script: 30000}, unhandledPromptBehavior: dismiss and notify}
Session ID: 3b413fd97646dc5685b8f4f9f5d3af23
*** Element info: {Using=name, value=cardnumber}
	at sun.reflect.NativeConstructorAccessorImpl.newInstance0(Native Method)
	at sun.reflect.NativeConstructorAccessorImpl.newInstance(NativeConstructorAccessorImpl.java:62)
	at sun.reflect.DelegatingConstructorAccessorImpl.newInstance(DelegatingConstructorAccessorImpl.java:45)
	at java.lang.reflect.Constructor.newInstance(Constructor.java:423)
	at org.openqa.selenium.remote.http.W3CHttpResponseCodec.createException(W3CHttpResponseCodec.java:187)
	at org.openqa.selenium.remote.http.W3CHttpResponseCodec.decode(W3CHttpResponseCodec.java:122)
	at org.openqa.selenium.remote.http.W3CHttpResponseCodec.decode(W3CHttpResponseCodec.java:49)
	at org.openqa.selenium.remote.HttpCommandExecutor.execute(HttpCommandExecutor.java:158)
	at org.openqa.selenium.remote.service.DriverCommandExecutor.execute(DriverCommandExecutor.java:83)
	at org.openqa.selenium.remote.RemoteWebDriver.execute(RemoteWebDriver.java:552)
	at org.openqa.selenium.remote.RemoteWebDriver.findElement(RemoteWebDriver.java:323)
	at org.openqa.selenium.remote.RemoteWebDriver.findElementByName(RemoteWebDriver.java:404)
	at org.openqa.selenium.By$ByName.findElement(By.java:284)
	at org.openqa.selenium.remote.RemoteWebDriver.findElement(RemoteWebDriver.java:315)
	at org.openqa.selenium.support.pagefactory.DefaultElementLocator.findElement(DefaultElementLocator.java:69)
	at org.openqa.selenium.support.pagefactory.internal.LocatingElementHandler.invoke(LocatingElementHandler.java:38)
	at com.sun.proxy.$Proxy8.sendKeys(Unknown Source)
	at com.consumerPayments.pageObjects.ElectronicPayment.EnterCardNumber(ElectronicPayment.java:68)
	at com.consumerPayments.testCases.TC003_AccountSearch_CreditCard_Visa_Pay.CreditCard_Visa_Pay(TC003_AccountSearch_CreditCard_Visa_Pay.java:55)
</failure>
    <system-out><![CDATA[ INFO [main] (TC003_AccountSearch_CreditCard_Visa_Pay.java:19)- URL is Entered
 INFO [main] (TC003_AccountSearch_CreditCard_Visa_Pay.java:22)- Username is Entered
 INFO [main] (TC003_AccountSearch_CreditCard_Visa_Pay.java:24)- Password is Entered
 INFO [main] (TC003_AccountSearch_CreditCard_Visa_Pay.java:26)- Login is Sucessful
 INFO [main] (TC003_AccountSearch_CreditCard_Visa_Pay.java:30)- Accept Payment Search Test
 INFO [main] (TC003_AccountSearch_CreditCard_Visa_Pay.java:33)- Accept Payment Link is Clicked
 INFO [main] (TC003_AccountSearch_CreditCard_Visa_Pay.java:35)- Search Data is entered
 INFO [main] (TC003_AccountSearch_CreditCard_Visa_Pay.java:37)- AcceptPayment Search Button is clicked
 INFO [main] (TC003_AccountSearch_CreditCard_Visa_Pay.java:39)- Selected an Document from Search Results
 INFO [main] (TC003_AccountSearch_CreditCard_Visa_Pay.java:41)- Accept Payment Search Link is clicked
 INFO [main] (TC003_AccountSearch_CreditCard_Visa_Pay.java:46)- Payment Amount is Entered
Screenshot taken
 INFO [main] (TC003_AccountSearch_CreditCard_Visa_Pay.java:51)- Redirects to Electronic Payment Page
 INFO [main] (TC003_AccountSearch_CreditCard_Visa_Pay.java:54)- Entering Electronic payment page
]]></system-out>
    <system-err><![CDATA[Starting ChromeDriver 78.0.3904.70 (edb9c9f3de0247fd912a77b7f6cae7447f6d3ad5-refs/branch-heads/3904@{#800}) on port 28776
Only local connections are allowed.
Please protect ports used by ChromeDriver and related test frameworks to prevent access by malicious code.
Nov 24, 2019 3:44:53 AM org.openqa.selenium.remote.ProtocolHandshake createSession
INFO: Detected dialect: W3C
]]></system-err>
  </testcase>
  <testcase name="MasterCard_Visa_Pay" classname="com.consumerPayments.testCases.TC004_AccountSearch_CreditCard_MasterCard_Pay" time="206.521">
    <failure message="no such element: Unable to locate element: {&quot;method&quot;:&quot;xpath&quot;,&quot;selector&quot;:&quot;//*[@id=&quot;cardtype&quot;]&quot;}&#10;  (Session info: chrome=78.0.3904.108)&#10;For documentation on this error, please visit: https://www.seleniumhq.org/exceptions/no_such_element.html&#10;Build info: version: &apos;3.141.59&apos;, revision: &apos;e82be7d358&apos;, time: &apos;2018-11-14T08:17:03&apos;&#10;System info: host: &apos;Dhamodharans-iMac.local&apos;, ip: &apos;192.168.1.5&apos;, os.name: &apos;Mac OS X&apos;, os.arch: &apos;x86_64&apos;, os.version: &apos;10.14.5&apos;, java.version: &apos;1.8.0_191&apos;&#10;Driver info: org.openqa.selenium.chrome.ChromeDriver&#10;Capabilities {acceptInsecureCerts: false, browserName: chrome, browserVersion: 78.0.3904.108, chrome: {chromedriverVersion: 78.0.3904.70 (edb9c9f3de024..., userDataDir: /var/folders/jn/qgh107891cx...}, goog:chromeOptions: {debuggerAddress: localhost:61280}, javascriptEnabled: true, networkConnectionEnabled: false, pageLoadStrategy: normal, platform: MAC, platformName: MAC, proxy: Proxy(), setWindowRect: true, strictFileInteractability: false, timeouts: {implicit: 0, pageLoad: 300000, script: 30000}, unhandledPromptBehavior: dismiss and notify}&#10;Session ID: 44c7ded393b9b3c852d3945fe1ca7dff&#10;*** Element info: {Using=xpath, value=//*[@id=&quot;cardtype&quot;]}" type="org.openqa.selenium.NoSuchElementException"><![CDATA[org.openqa.selenium.NoSuchElementException: no such element: Unable to locate element: {"method":"xpath","selector":"//*[@id="cardtype"]"}
  (Session info: chrome=78.0.3904.108)
For documentation on this error, please visit: https://www.seleniumhq.org/exceptions/no_such_element.html
Build info: version: '3.141.59', revision: 'e82be7d358', time: '2018-11-14T08:17:03'
System info: host: 'Dhamodharans-iMac.local', ip: '192.168.1.5', os.name: 'Mac OS X', os.arch: 'x86_64', os.version: '10.14.5', java.version: '1.8.0_191'
Driver info: org.openqa.selenium.chrome.ChromeDriver
Capabilities {acceptInsecureCerts: false, browserName: chrome, browserVersion: 78.0.3904.108, chrome: {chromedriverVersion: 78.0.3904.70 (edb9c9f3de024..., userDataDir: /var/folders/jn/qgh107891cx...}, goog:chromeOptions: {debuggerAddress: localhost:61280}, javascriptEnabled: true, networkConnectionEnabled: false, pageLoadStrategy: normal, platform: MAC, platformName: MAC, proxy: Proxy(), setWindowRect: true, strictFileInteractability: false, timeouts: {implicit: 0, pageLoad: 300000, script: 30000}, unhandledPromptBehavior: dismiss and notify}
Session ID: 44c7ded393b9b3c852d3945fe1ca7dff
*** Element info: {Using=xpath, value=//*[@id="cardtype"]}
	at sun.reflect.NativeConstructorAccessorImpl.newInstance0(Native Method)
	at sun.reflect.NativeConstructorAccessorImpl.newInstance(NativeConstructorAccessorImpl.java:62)
	at sun.reflect.DelegatingConstructorAccessorImpl.newInstance(DelegatingConstructorAccessorImpl.java:45)
	at java.lang.reflect.Constructor.newInstance(Constructor.java:423)
	at org.openqa.selenium.remote.http.W3CHttpResponseCodec.createException(W3CHttpResponseCodec.java:187)
	at org.openqa.selenium.remote.http.W3CHttpResponseCodec.decode(W3CHttpResponseCodec.java:122)
	at org.openqa.selenium.remote.http.W3CHttpResponseCodec.decode(W3CHttpResponseCodec.java:49)
	at org.openqa.selenium.remote.HttpCommandExecutor.execute(HttpCommandExecutor.java:158)
	at org.openqa.selenium.remote.service.DriverCommandExecutor.execute(DriverCommandExecutor.java:83)
	at org.openqa.selenium.remote.RemoteWebDriver.execute(RemoteWebDriver.java:552)
	at org.openqa.selenium.remote.RemoteWebDriver.findElement(RemoteWebDriver.java:323)
	at org.openqa.selenium.remote.RemoteWebDriver.findElementByXPath(RemoteWebDriver.java:428)
	at org.openqa.selenium.By$ByXPath.findElement(By.java:353)
	at org.openqa.selenium.remote.RemoteWebDriver.findElement(RemoteWebDriver.java:315)
	at org.openqa.selenium.support.pagefactory.DefaultElementLocator.findElement(DefaultElementLocator.java:69)
	at org.openqa.selenium.support.pagefactory.internal.LocatingElementHandler.invoke(LocatingElementHandler.java:38)
	at com.sun.proxy.$Proxy8.getTagName(Unknown Source)
	at org.openqa.selenium.support.ui.Select.<init>(Select.java:45)
	at com.consumerPayments.pageObjects.ElectronicPayment.SelectMasterCard(ElectronicPayment.java:74)
	at com.consumerPayments.testCases.TC004_AccountSearch_CreditCard_MasterCard_Pay.MasterCard_Visa_Pay(TC004_AccountSearch_CreditCard_MasterCard_Pay.java:59)
]]></failure>
    <system-out><![CDATA[ INFO [main] (TC004_AccountSearch_CreditCard_MasterCard_Pay.java:19)- URL is Entered
 INFO [main] (TC004_AccountSearch_CreditCard_MasterCard_Pay.java:22)- Username is Entered
 INFO [main] (TC004_AccountSearch_CreditCard_MasterCard_Pay.java:24)- Password is Entered
Screenshot taken
 INFO [main] (TC004_AccountSearch_CreditCard_MasterCard_Pay.java:27)- Login is Sucessful
 INFO [main] (TC004_AccountSearch_CreditCard_MasterCard_Pay.java:31)- Accept Payment Search Test
 INFO [main] (TC004_AccountSearch_CreditCard_MasterCard_Pay.java:34)- Accept Payment Link is Clicked
 INFO [main] (TC004_AccountSearch_CreditCard_MasterCard_Pay.java:36)- Search Data is entered
 INFO [main] (TC004_AccountSearch_CreditCard_MasterCard_Pay.java:38)- AcceptPayment Search Button is clicked
 INFO [main] (TC004_AccountSearch_CreditCard_MasterCard_Pay.java:40)- Selected an Document from Search Results
 INFO [main] (TC004_AccountSearch_CreditCard_MasterCard_Pay.java:42)- Accept Payment Search Link is clicked
Screenshot taken
 INFO [main] (TC004_AccountSearch_CreditCard_MasterCard_Pay.java:48)- Payment Amount is Entered
Screenshot taken
Screenshot taken
 INFO [main] (TC004_AccountSearch_CreditCard_MasterCard_Pay.java:54)- Redirects to Electronic Payment Page
 INFO [main] (TC004_AccountSearch_CreditCard_MasterCard_Pay.java:58)- selecting Cardtype
]]></system-out>
    <system-err><![CDATA[Starting ChromeDriver 78.0.3904.70 (edb9c9f3de0247fd912a77b7f6cae7447f6d3ad5-refs/branch-heads/3904@{#800}) on port 23295
Only local connections are allowed.
Please protect ports used by ChromeDriver and related test frameworks to prevent access by malicious code.
Nov 24, 2019 3:47:19 AM org.openqa.selenium.remote.ProtocolHandshake createSession
INFO: Detected dialect: W3C
]]></system-err>
  </testcase>
  <testcase name="DiscoverCard_Pay" classname="com.consumerPayments.testCases.TC005_AccountSearch_CreditCard_Discover_Pay" time="52.416">
    <failure message="no such element: Unable to locate element: {&quot;method&quot;:&quot;xpath&quot;,&quot;selector&quot;:&quot;//*[@id=&quot;cardtype&quot;]&quot;}&#10;  (Session info: chrome=78.0.3904.108)&#10;For documentation on this error, please visit: https://www.seleniumhq.org/exceptions/no_such_element.html&#10;Build info: version: &apos;3.141.59&apos;, revision: &apos;e82be7d358&apos;, time: &apos;2018-11-14T08:17:03&apos;&#10;System info: host: &apos;Dhamodharans-iMac.local&apos;, ip: &apos;192.168.1.5&apos;, os.name: &apos;Mac OS X&apos;, os.arch: &apos;x86_64&apos;, os.version: &apos;10.14.5&apos;, java.version: &apos;1.8.0_191&apos;&#10;Driver info: org.openqa.selenium.chrome.ChromeDriver&#10;Capabilities {acceptInsecureCerts: false, browserName: chrome, browserVersion: 78.0.3904.108, chrome: {chromedriverVersion: 78.0.3904.70 (edb9c9f3de024..., userDataDir: /var/folders/jn/qgh107891cx...}, goog:chromeOptions: {debuggerAddress: localhost:61352}, javascriptEnabled: true, networkConnectionEnabled: false, pageLoadStrategy: normal, platform: MAC, platformName: MAC, proxy: Proxy(), setWindowRect: true, strictFileInteractability: false, timeouts: {implicit: 0, pageLoad: 300000, script: 30000}, unhandledPromptBehavior: dismiss and notify}&#10;Session ID: 2553b738759ee843e31c9ffc09e9241b&#10;*** Element info: {Using=xpath, value=//*[@id=&quot;cardtype&quot;]}" type="org.openqa.selenium.NoSuchElementException"><![CDATA[org.openqa.selenium.NoSuchElementException: no such element: Unable to locate element: {"method":"xpath","selector":"//*[@id="cardtype"]"}
  (Session info: chrome=78.0.3904.108)
For documentation on this error, please visit: https://www.seleniumhq.org/exceptions/no_such_element.html
Build info: version: '3.141.59', revision: 'e82be7d358', time: '2018-11-14T08:17:03'
System info: host: 'Dhamodharans-iMac.local', ip: '192.168.1.5', os.name: 'Mac OS X', os.arch: 'x86_64', os.version: '10.14.5', java.version: '1.8.0_191'
Driver info: org.openqa.selenium.chrome.ChromeDriver
Capabilities {acceptInsecureCerts: false, browserName: chrome, browserVersion: 78.0.3904.108, chrome: {chromedriverVersion: 78.0.3904.70 (edb9c9f3de024..., userDataDir: /var/folders/jn/qgh107891cx...}, goog:chromeOptions: {debuggerAddress: localhost:61352}, javascriptEnabled: true, networkConnectionEnabled: false, pageLoadStrategy: normal, platform: MAC, platformName: MAC, proxy: Proxy(), setWindowRect: true, strictFileInteractability: false, timeouts: {implicit: 0, pageLoad: 300000, script: 30000}, unhandledPromptBehavior: dismiss and notify}
Session ID: 2553b738759ee843e31c9ffc09e9241b
*** Element info: {Using=xpath, value=//*[@id="cardtype"]}
	at sun.reflect.NativeConstructorAccessorImpl.newInstance0(Native Method)
	at sun.reflect.NativeConstructorAccessorImpl.newInstance(NativeConstructorAccessorImpl.java:62)
	at sun.reflect.DelegatingConstructorAccessorImpl.newInstance(DelegatingConstructorAccessorImpl.java:45)
	at java.lang.reflect.Constructor.newInstance(Constructor.java:423)
	at org.openqa.selenium.remote.http.W3CHttpResponseCodec.createException(W3CHttpResponseCodec.java:187)
	at org.openqa.selenium.remote.http.W3CHttpResponseCodec.decode(W3CHttpResponseCodec.java:122)
	at org.openqa.selenium.remote.http.W3CHttpResponseCodec.decode(W3CHttpResponseCodec.java:49)
	at org.openqa.selenium.remote.HttpCommandExecutor.execute(HttpCommandExecutor.java:158)
	at org.openqa.selenium.remote.service.DriverCommandExecutor.execute(DriverCommandExecutor.java:83)
	at org.openqa.selenium.remote.RemoteWebDriver.execute(RemoteWebDriver.java:552)
	at org.openqa.selenium.remote.RemoteWebDriver.findElement(RemoteWebDriver.java:323)
	at org.openqa.selenium.remote.RemoteWebDriver.findElementByXPath(RemoteWebDriver.java:428)
	at org.openqa.selenium.By$ByXPath.findElement(By.java:353)
	at org.openqa.selenium.remote.RemoteWebDriver.findElement(RemoteWebDriver.java:315)
	at org.openqa.selenium.support.pagefactory.DefaultElementLocator.findElement(DefaultElementLocator.java:69)
	at org.openqa.selenium.support.pagefactory.internal.LocatingElementHandler.invoke(LocatingElementHandler.java:38)
	at com.sun.proxy.$Proxy8.getTagName(Unknown Source)
	at org.openqa.selenium.support.ui.Select.<init>(Select.java:45)
	at com.consumerPayments.pageObjects.ElectronicPayment.SelectDiscoverCard(ElectronicPayment.java:80)
	at com.consumerPayments.testCases.TC005_AccountSearch_CreditCard_Discover_Pay.DiscoverCard_Pay(TC005_AccountSearch_CreditCard_Discover_Pay.java:58)
]]></failure>
    <system-out><![CDATA[ INFO [main] (TC005_AccountSearch_CreditCard_Discover_Pay.java:19)- URL is Entered
 INFO [main] (TC005_AccountSearch_CreditCard_Discover_Pay.java:22)- Username is Entered
 INFO [main] (TC005_AccountSearch_CreditCard_Discover_Pay.java:24)- Password is Entered
Screenshot taken
 INFO [main] (TC005_AccountSearch_CreditCard_Discover_Pay.java:27)- Login is Sucessful
 INFO [main] (TC005_AccountSearch_CreditCard_Discover_Pay.java:31)- Accept Payment Search Test
 INFO [main] (TC005_AccountSearch_CreditCard_Discover_Pay.java:34)- Accept Payment Link is Clicked
 INFO [main] (TC005_AccountSearch_CreditCard_Discover_Pay.java:36)- Search Data is entered
 INFO [main] (TC005_AccountSearch_CreditCard_Discover_Pay.java:38)- AcceptPayment Search Button is clicked
 INFO [main] (TC005_AccountSearch_CreditCard_Discover_Pay.java:40)- Selected an Document from Search Results
 INFO [main] (TC005_AccountSearch_CreditCard_Discover_Pay.java:42)- Accept Payment Search Link is clicked
Screenshot taken
 INFO [main] (TC005_AccountSearch_CreditCard_Discover_Pay.java:48)- Payment Amount is Entered
Screenshot taken
Screenshot taken
 INFO [main] (TC005_AccountSearch_CreditCard_Discover_Pay.java:54)- Redirects to Electronic Payment Page
 INFO [main] (TC005_AccountSearch_CreditCard_Discover_Pay.java:57)- selecting Cardtype
]]></system-out>
    <system-err><![CDATA[Starting ChromeDriver 78.0.3904.70 (edb9c9f3de0247fd912a77b7f6cae7447f6d3ad5-refs/branch-heads/3904@{#800}) on port 19652
Only local connections are allowed.
Please protect ports used by ChromeDriver and related test frameworks to prevent access by malicious code.
Nov 24, 2019 3:50:55 AM org.openqa.selenium.remote.ProtocolHandshake createSession
INFO: Detected dialect: W3C
]]></system-err>
  </testcase>
  <testcase name="AMEXCard_Pay" classname="com.consumerPayments.testCases.TC006_AccountSearch_CreditCard_AmericanExpress_Pay" time="66.277">
    <failure message="no such element: Unable to locate element: {&quot;method&quot;:&quot;xpath&quot;,&quot;selector&quot;:&quot;//*[@id=&quot;cardtype&quot;]&quot;}&#10;  (Session info: chrome=78.0.3904.108)&#10;For documentation on this error, please visit: https://www.seleniumhq.org/exceptions/no_such_element.html&#10;Build info: version: &apos;3.141.59&apos;, revision: &apos;e82be7d358&apos;, time: &apos;2018-11-14T08:17:03&apos;&#10;System info: host: &apos;Dhamodharans-iMac.local&apos;, ip: &apos;192.168.1.5&apos;, os.name: &apos;Mac OS X&apos;, os.arch: &apos;x86_64&apos;, os.version: &apos;10.14.5&apos;, java.version: &apos;1.8.0_191&apos;&#10;Driver info: org.openqa.selenium.chrome.ChromeDriver&#10;Capabilities {acceptInsecureCerts: false, browserName: chrome, browserVersion: 78.0.3904.108, chrome: {chromedriverVersion: 78.0.3904.70 (edb9c9f3de024..., userDataDir: /var/folders/jn/qgh107891cx...}, goog:chromeOptions: {debuggerAddress: localhost:61395}, javascriptEnabled: true, networkConnectionEnabled: false, pageLoadStrategy: normal, platform: MAC, platformName: MAC, proxy: Proxy(), setWindowRect: true, strictFileInteractability: false, timeouts: {implicit: 0, pageLoad: 300000, script: 30000}, unhandledPromptBehavior: dismiss and notify}&#10;Session ID: d14c86b965afa9d44cae33eeb597e269&#10;*** Element info: {Using=xpath, value=//*[@id=&quot;cardtype&quot;]}" type="org.openqa.selenium.NoSuchElementException"><![CDATA[org.openqa.selenium.NoSuchElementException: no such element: Unable to locate element: {"method":"xpath","selector":"//*[@id="cardtype"]"}
  (Session info: chrome=78.0.3904.108)
For documentation on this error, please visit: https://www.seleniumhq.org/exceptions/no_such_element.html
Build info: version: '3.141.59', revision: 'e82be7d358', time: '2018-11-14T08:17:03'
System info: host: 'Dhamodharans-iMac.local', ip: '192.168.1.5', os.name: 'Mac OS X', os.arch: 'x86_64', os.version: '10.14.5', java.version: '1.8.0_191'
Driver info: org.openqa.selenium.chrome.ChromeDriver
Capabilities {acceptInsecureCerts: false, browserName: chrome, browserVersion: 78.0.3904.108, chrome: {chromedriverVersion: 78.0.3904.70 (edb9c9f3de024..., userDataDir: /var/folders/jn/qgh107891cx...}, goog:chromeOptions: {debuggerAddress: localhost:61395}, javascriptEnabled: true, networkConnectionEnabled: false, pageLoadStrategy: normal, platform: MAC, platformName: MAC, proxy: Proxy(), setWindowRect: true, strictFileInteractability: false, timeouts: {implicit: 0, pageLoad: 300000, script: 30000}, unhandledPromptBehavior: dismiss and notify}
Session ID: d14c86b965afa9d44cae33eeb597e269
*** Element info: {Using=xpath, value=//*[@id="cardtype"]}
	at sun.reflect.NativeConstructorAccessorImpl.newInstance0(Native Method)
	at sun.reflect.NativeConstructorAccessorImpl.newInstance(NativeConstructorAccessorImpl.java:62)
	at sun.reflect.DelegatingConstructorAccessorImpl.newInstance(DelegatingConstructorAccessorImpl.java:45)
	at java.lang.reflect.Constructor.newInstance(Constructor.java:423)
	at org.openqa.selenium.remote.http.W3CHttpResponseCodec.createException(W3CHttpResponseCodec.java:187)
	at org.openqa.selenium.remote.http.W3CHttpResponseCodec.decode(W3CHttpResponseCodec.java:122)
	at org.openqa.selenium.remote.http.W3CHttpResponseCodec.decode(W3CHttpResponseCodec.java:49)
	at org.openqa.selenium.remote.HttpCommandExecutor.execute(HttpCommandExecutor.java:158)
	at org.openqa.selenium.remote.service.DriverCommandExecutor.execute(DriverCommandExecutor.java:83)
	at org.openqa.selenium.remote.RemoteWebDriver.execute(RemoteWebDriver.java:552)
	at org.openqa.selenium.remote.RemoteWebDriver.findElement(RemoteWebDriver.java:323)
	at org.openqa.selenium.remote.RemoteWebDriver.findElementByXPath(RemoteWebDriver.java:428)
	at org.openqa.selenium.By$ByXPath.findElement(By.java:353)
	at org.openqa.selenium.remote.RemoteWebDriver.findElement(RemoteWebDriver.java:315)
	at org.openqa.selenium.support.pagefactory.DefaultElementLocator.findElement(DefaultElementLocator.java:69)
	at org.openqa.selenium.support.pagefactory.internal.LocatingElementHandler.invoke(LocatingElementHandler.java:38)
	at com.sun.proxy.$Proxy8.getTagName(Unknown Source)
	at org.openqa.selenium.support.ui.Select.<init>(Select.java:45)
	at com.consumerPayments.pageObjects.ElectronicPayment.SelectAmexCard(ElectronicPayment.java:86)
	at com.consumerPayments.testCases.TC006_AccountSearch_CreditCard_AmericanExpress_Pay.AMEXCard_Pay(TC006_AccountSearch_CreditCard_AmericanExpress_Pay.java:56)
]]></failure>
    <system-out><![CDATA[ INFO [main] (TC006_AccountSearch_CreditCard_AmericanExpress_Pay.java:19)- URL is Entered
 INFO [main] (TC006_AccountSearch_CreditCard_AmericanExpress_Pay.java:22)- Username is Entered
 INFO [main] (TC006_AccountSearch_CreditCard_AmericanExpress_Pay.java:24)- Password is Entered
Screenshot taken
 INFO [main] (TC006_AccountSearch_CreditCard_AmericanExpress_Pay.java:27)- Login is Sucessful
 INFO [main] (TC006_AccountSearch_CreditCard_AmericanExpress_Pay.java:30)- Accept Payment Search Test
 INFO [main] (TC006_AccountSearch_CreditCard_AmericanExpress_Pay.java:33)- Accept Payment Link is Clicked
 INFO [main] (TC006_AccountSearch_CreditCard_AmericanExpress_Pay.java:35)- Search Data is entered
 INFO [main] (TC006_AccountSearch_CreditCard_AmericanExpress_Pay.java:37)- AcceptPayment Search Button is clicked
 INFO [main] (TC006_AccountSearch_CreditCard_AmericanExpress_Pay.java:39)- Selected an Document from Search Results
 INFO [main] (TC006_AccountSearch_CreditCard_AmericanExpress_Pay.java:41)- Accept Payment Search Link is clicked
Screenshot taken
 INFO [main] (TC006_AccountSearch_CreditCard_AmericanExpress_Pay.java:47)- Payment Amount is Entered
Screenshot taken
Screenshot taken
 INFO [main] (TC006_AccountSearch_CreditCard_AmericanExpress_Pay.java:53)- Redirects to Electronic Payment Page
]]></system-out>
    <system-err><![CDATA[Starting ChromeDriver 78.0.3904.70 (edb9c9f3de0247fd912a77b7f6cae7447f6d3ad5-refs/branch-heads/3904@{#800}) on port 2785
Only local connections are allowed.
Please protect ports used by ChromeDriver and related test frameworks to prevent access by malicious code.
Nov 24, 2019 3:51:56 AM org.openqa.selenium.remote.ProtocolHandshake createSession
INFO: Detected dialect: W3C
]]></system-err>
  </testcase>
</testsuite>